<?xml version="1.0" encoding="UTF-8"?>
<!-- Generated by org.testng.reporters.JUnitXMLReporter -->
<testsuite ignored="2" hostname="DESKTOP-KJ197RR" failures="1" tests="3" name="Test" time="72.997" errors="0" timestamp="2025-07-28T11:37:11 IST">
  <testcase classname="ParEmpireTestCases.ParPlpSorting" name="LowToHighSorting" time="20.991"/>
  <testcase classname="ParEmpireTestCases.ParPlpSorting" name="highToLowSorting" time="18.14"/>
  <testcase classname="ParEmpireTestCases.CartPriceCalculation" name="cartCalc" time="14.881">
    <failure type="java.lang.NumberFormatException" message="For input string: &amp;quot;&amp;quot;">
      <![CDATA[java.lang.NumberFormatException: For input string: ""
at java.base/java.lang.NumberFormatException.forInputString(NumberFormatException.java:67)
at java.base/java.lang.Integer.parseInt(Integer.java:678)
at java.base/java.lang.Integer.parseInt(Integer.java:786)
at ParEmpireTestCases.CartPriceCalculation.cartCalc(CartPriceCalculation.java:60)
at java.base/java.util.ArrayList.forEach(ArrayList.java:1511)
... Removed 27 stack frames]]>
    </failure>
  </testcase> <!-- cartCalc -->
  <testcase classname="ParEmpireTestCases.BaseTest" name="@AfterSuite tearDownReport" time="0.0">
    <ignored/>
  </testcase> <!-- @AfterSuite tearDownReport -->
  <testcase classname="ParEmpireTestCases.BaseTest" name="@BeforeSuite setupReport" time="0.0">
    <ignored/>
  </testcase> <!-- @BeforeSuite setupReport -->
</testsuite> <!-- Test -->
