<?xml version="1.0" encoding="UTF-8"?>
<testng-results ignored="0" total="2" passed="2" failed="0" skipped="0">
  <reporter-output>
  </reporter-output>
  <suite started-at="2025-07-16T12:21:24 IST" name="Suite" finished-at="2025-07-16T12:22:00 IST" duration-ms="36421">
    <groups>
    </groups>
    <test started-at="2025-07-16T12:21:24 IST" name="Test" finished-at="2025-07-16T12:22:00 IST" duration-ms="36421">
      <class name="ParEmpireTestCases.ParPlpSorting">
        <test-method is-config="true" signature="setUp()[pri:0, instance:ParEmpireTestCases.ParPlpSorting@3c419631]" started-at="2025-07-16T12:21:24 IST" name="setUp" finished-at="2025-07-16T12:21:29 IST" duration-ms="4595" status="PASS">
          <reporter-output>
          </reporter-output>
        </test-method> <!-- setUp -->
        <test-method signature="LowToHighSorting()[pri:0, instance:ParEmpireTestCases.ParPlpSorting@3c419631]" started-at="2025-07-16T12:21:29 IST" name="LowToHighSorting" finished-at="2025-07-16T12:21:39 IST" duration-ms="10767" status="PASS">
          <reporter-output>
          </reporter-output>
        </test-method> <!-- LowToHighSorting -->
        <test-method is-config="true" signature="tearDown()[pri:0, instance:ParEmpireTestCases.ParPlpSorting@3c419631]" started-at="2025-07-16T12:21:39 IST" name="tearDown" finished-at="2025-07-16T12:21:40 IST" duration-ms="387" status="PASS">
          <reporter-output>
          </reporter-output>
        </test-method> <!-- tearDown -->
        <test-method is-config="true" signature="setUp()[pri:0, instance:ParEmpireTestCases.ParPlpSorting@3c419631]" started-at="2025-07-16T12:21:40 IST" name="setUp" finished-at="2025-07-16T12:21:44 IST" duration-ms="3883" status="PASS">
          <reporter-output>
          </reporter-output>
        </test-method> <!-- setUp -->
        <test-method signature="highToLowSorting()[pri:0, instance:ParEmpireTestCases.ParPlpSorting@3c419631]" started-at="2025-07-16T12:21:44 IST" name="highToLowSorting" finished-at="2025-07-16T12:22:00 IST" duration-ms="16345" status="PASS">
          <reporter-output>
          </reporter-output>
        </test-method> <!-- highToLowSorting -->
        <test-method is-config="true" signature="tearDown()[pri:0, instance:ParEmpireTestCases.ParPlpSorting@3c419631]" started-at="2025-07-16T12:22:00 IST" name="tearDown" finished-at="2025-07-16T12:22:00 IST" duration-ms="366" status="PASS">
          <reporter-output>
          </reporter-output>
        </test-method> <!-- tearDown -->
      </class> <!-- ParEmpireTestCases.ParPlpSorting -->
    </test> <!-- Test -->
  </suite> <!-- Suite -->
</testng-results>
