<?xml version="1.0" encoding="UTF-8"?>
<testng-results ignored="2" total="5" passed="2" failed="1" skipped="0">
  <reporter-output>
  </reporter-output>
  <suite started-at="2025-07-25T18:43:47 IST" name="Suite" finished-at="2025-07-25T18:44:55 IST" duration-ms="68001">
    <groups>
    </groups>
    <test started-at="2025-07-25T18:43:47 IST" name="Test" finished-at="2025-07-25T18:44:55 IST" duration-ms="68001">
      <class name="ParEmpireTestCases.CartPriceCalculation">
        <test-method is-config="true" signature="setUp()[pri:0, instance:ParEmpireTestCases.CartPriceCalculation@16150369]" started-at="2025-07-25T18:44:37 IST" name="setUp" finished-at="2025-07-25T18:44:41 IST" duration-ms="4763" status="PASS">
          <reporter-output>
          </reporter-output>
        </test-method> <!-- setUp -->
        <test-method signature="cartCalc()[pri:0, instance:ParEmpireTestCases.CartPriceCalculation@16150369]" started-at="2025-07-25T18:44:41 IST" name="cartCalc" finished-at="2025-07-25T18:44:54 IST" duration-ms="12979" status="FAIL">
          <exception class="java.lang.NumberFormatException">
            <message>
              <![CDATA[For input string: ""]]>
            </message>
            <full-stacktrace>
              <![CDATA[java.lang.NumberFormatException: For input string: ""
at java.base/java.lang.NumberFormatException.forInputString(NumberFormatException.java:67)
at java.base/java.lang.Integer.parseInt(Integer.java:678)
at java.base/java.lang.Integer.parseInt(Integer.java:786)
at ParEmpireTestCases.CartPriceCalculation.cartCalc(CartPriceCalculation.java:60)
at java.base/jdk.internal.reflect.NativeMethodAccessorImpl.invoke0(Native Method)
at java.base/jdk.internal.reflect.NativeMethodAccessorImpl.invoke(NativeMethodAccessorImpl.java:77)
at java.base/jdk.internal.reflect.DelegatingMethodAccessorImpl.invoke(DelegatingMethodAccessorImpl.java:43)
at java.base/java.lang.reflect.Method.invoke(Method.java:568)
at org.testng.internal.invokers.MethodInvocationHelper.invokeMethod(MethodInvocationHelper.java:139)
at org.testng.internal.invokers.TestInvoker.invokeMethod(TestInvoker.java:677)
at org.testng.internal.invokers.TestInvoker.invokeTestMethod(TestInvoker.java:221)
at org.testng.internal.invokers.MethodRunner.runInSequence(MethodRunner.java:50)
at org.testng.internal.invokers.TestInvoker$MethodInvocationAgent.invoke(TestInvoker.java:969)
at org.testng.internal.invokers.TestInvoker.invokeTestMethods(TestInvoker.java:194)
at org.testng.internal.invokers.TestMethodWorker.invokeTestMethods(TestMethodWorker.java:148)
at org.testng.internal.invokers.TestMethodWorker.run(TestMethodWorker.java:128)
at java.base/java.util.ArrayList.forEach(ArrayList.java:1511)
at org.testng.TestRunner.privateRun(TestRunner.java:829)
at org.testng.TestRunner.run(TestRunner.java:602)
at org.testng.SuiteRunner.runTest(SuiteRunner.java:437)
at org.testng.SuiteRunner.runSequentially(SuiteRunner.java:431)
at org.testng.SuiteRunner.privateRun(SuiteRunner.java:391)
at org.testng.SuiteRunner.run(SuiteRunner.java:330)
at org.testng.SuiteRunnerWorker.runSuite(SuiteRunnerWorker.java:52)
at org.testng.SuiteRunnerWorker.run(SuiteRunnerWorker.java:95)
at org.testng.TestNG.runSuitesSequentially(TestNG.java:1256)
at org.testng.TestNG.runSuitesLocally(TestNG.java:1176)
at org.testng.TestNG.runSuites(TestNG.java:1099)
at org.testng.TestNG.run(TestNG.java:1067)
at org.testng.remote.AbstractRemoteTestNG.run(AbstractRemoteTestNG.java:115)
at org.testng.remote.RemoteTestNG.initAndRun(RemoteTestNG.java:293)
at org.testng.remote.RemoteTestNG.main(RemoteTestNG.java:91)
]]>
            </full-stacktrace>
          </exception> <!-- java.lang.NumberFormatException -->
          <reporter-output>
          </reporter-output>
        </test-method> <!-- cartCalc -->
        <test-method is-config="true" signature="tearDown()[pri:0, instance:ParEmpireTestCases.CartPriceCalculation@16150369]" started-at="2025-07-25T18:44:54 IST" name="tearDown" finished-at="2025-07-25T18:44:55 IST" duration-ms="591" status="PASS">
          <reporter-output>
          </reporter-output>
        </test-method> <!-- tearDown -->
      </class> <!-- ParEmpireTestCases.CartPriceCalculation -->
      <class name="ParEmpireTestCases.ParPlpSorting">
        <test-method is-config="true" signature="setupReport()[pri:0, instance:ParEmpireTestCases.ParPlpSorting@60f00693]" started-at="2025-07-25T18:43:47 IST" name="setupReport" finished-at="2025-07-25T18:43:47 IST" duration-ms="26" status="PASS">
          <reporter-output>
          </reporter-output>
        </test-method> <!-- setupReport -->
        <test-method is-config="true" signature="setUp()[pri:0, instance:ParEmpireTestCases.ParPlpSorting@60f00693]" started-at="2025-07-25T18:43:47 IST" name="setUp" finished-at="2025-07-25T18:43:54 IST" duration-ms="6734" status="PASS">
          <reporter-output>
          </reporter-output>
        </test-method> <!-- setUp -->
        <test-method signature="LowToHighSorting()[pri:0, instance:ParEmpireTestCases.ParPlpSorting@60f00693]" started-at="2025-07-25T18:43:54 IST" name="LowToHighSorting" finished-at="2025-07-25T18:44:12 IST" duration-ms="18374" status="PASS">
          <reporter-output>
          </reporter-output>
        </test-method> <!-- LowToHighSorting -->
        <test-method is-config="true" signature="tearDown()[pri:0, instance:ParEmpireTestCases.ParPlpSorting@60f00693]" started-at="2025-07-25T18:44:12 IST" name="tearDown" finished-at="2025-07-25T18:44:13 IST" duration-ms="602" status="PASS">
          <reporter-output>
          </reporter-output>
        </test-method> <!-- tearDown -->
        <test-method is-config="true" signature="setUp()[pri:0, instance:ParEmpireTestCases.ParPlpSorting@60f00693]" started-at="2025-07-25T18:44:13 IST" name="setUp" finished-at="2025-07-25T18:44:18 IST" duration-ms="4960" status="PASS">
          <reporter-output>
          </reporter-output>
        </test-method> <!-- setUp -->
        <test-method signature="highToLowSorting()[pri:0, instance:ParEmpireTestCases.ParPlpSorting@60f00693]" started-at="2025-07-25T18:44:18 IST" name="highToLowSorting" finished-at="2025-07-25T18:44:36 IST" duration-ms="18352" status="PASS">
          <reporter-output>
          </reporter-output>
        </test-method> <!-- highToLowSorting -->
        <test-method is-config="true" signature="tearDown()[pri:0, instance:ParEmpireTestCases.ParPlpSorting@60f00693]" started-at="2025-07-25T18:44:36 IST" name="tearDown" finished-at="2025-07-25T18:44:37 IST" duration-ms="520" status="PASS">
          <reporter-output>
          </reporter-output>
        </test-method> <!-- tearDown -->
        <test-method is-config="true" signature="tearDownReport()[pri:0, instance:ParEmpireTestCases.ParPlpSorting@60f00693]" started-at="2025-07-25T18:44:55 IST" name="tearDownReport" finished-at="2025-07-25T18:44:56 IST" duration-ms="25" status="PASS">
          <reporter-output>
          </reporter-output>
        </test-method> <!-- tearDownReport -->
      </class> <!-- ParEmpireTestCases.ParPlpSorting -->
    </test> <!-- Test -->
  </suite> <!-- Suite -->
</testng-results>
