<?xml version="1.0" encoding="UTF-8"?>
<testng-results ignored="0" total="2" passed="2" failed="0" skipped="0">
  <reporter-output>
  </reporter-output>
  <suite started-at="2025-07-16T12:19:54 IST" name="Suite" finished-at="2025-07-16T12:20:47 IST" duration-ms="52502">
    <groups>
    </groups>
    <test started-at="2025-07-16T12:19:54 IST" name="Test" finished-at="2025-07-16T12:20:47 IST" duration-ms="52502">
      <class name="ParEmpireTestCases.ParPlpSorting">
        <test-method is-config="true" signature="setUp()[pri:0, instance:ParEmpireTestCases.ParPlpSorting@595b007d]" started-at="2025-07-16T12:19:54 IST" name="setUp" finished-at="2025-07-16T12:20:01 IST" duration-ms="6437" status="PASS">
          <reporter-output>
          </reporter-output>
        </test-method> <!-- setUp -->
        <test-method signature="LowToHighSorting()[pri:0, instance:ParEmpireTestCases.ParPlpSorting@595b007d]" started-at="2025-07-16T12:20:01 IST" name="LowToHighSorting" finished-at="2025-07-16T12:20:25 IST" duration-ms="24670" status="PASS">
          <reporter-output>
          </reporter-output>
        </test-method> <!-- LowToHighSorting -->
        <test-method is-config="true" signature="tearDown()[pri:0, instance:ParEmpireTestCases.ParPlpSorting@595b007d]" started-at="2025-07-16T12:20:25 IST" name="tearDown" finished-at="2025-07-16T12:20:26 IST" duration-ms="406" status="PASS">
          <reporter-output>
          </reporter-output>
        </test-method> <!-- tearDown -->
        <test-method is-config="true" signature="setUp()[pri:0, instance:ParEmpireTestCases.ParPlpSorting@595b007d]" started-at="2025-07-16T12:20:26 IST" name="setUp" finished-at="2025-07-16T12:20:29 IST" duration-ms="3647" status="PASS">
          <reporter-output>
          </reporter-output>
        </test-method> <!-- setUp -->
        <test-method signature="highToLowSorting()[pri:0, instance:ParEmpireTestCases.ParPlpSorting@595b007d]" started-at="2025-07-16T12:20:29 IST" name="highToLowSorting" finished-at="2025-07-16T12:20:46 IST" duration-ms="16882" status="PASS">
          <reporter-output>
          </reporter-output>
        </test-method> <!-- highToLowSorting -->
        <test-method is-config="true" signature="tearDown()[pri:0, instance:ParEmpireTestCases.ParPlpSorting@595b007d]" started-at="2025-07-16T12:20:46 IST" name="tearDown" finished-at="2025-07-16T12:20:47 IST" duration-ms="378" status="PASS">
          <reporter-output>
          </reporter-output>
        </test-method> <!-- tearDown -->
      </class> <!-- ParEmpireTestCases.ParPlpSorting -->
    </test> <!-- Test -->
  </suite> <!-- Suite -->
</testng-results>
